<?xml version="1.0" encoding="UTF-8"?>
<!-- Generated by org.testng.reporters.JUnitReportReporter -->
<testsuite ignored="0" hostname="DESKTOP-3R7GQGO" failures="0" tests="1" name="com.learnautomaton.testcases.LoginTest" time="7.305" errors="0" timestamp="04 Jul 2021 12:42:16 GMT" skipped="0">
  <testcase classname="com.learnautomaton.testcases.LoginTest" name="loginApp" time="7.305"/>
</testsuite> <!-- com.learnautomaton.testcases.LoginTest -->
